==30255== Memcheck, a memory error detector
==30255== Copyright (C) 2002-2017, and GNU GPL'd, by Julian Seward et al.
==30255== Using Valgrind-3.15.0-608cb11914-20190413 and LibVEX; rerun with -h for copyright info
==30255== Command: ./main
==30255== Parent PID: 29575
==30255== 
--30255-- 
--30255-- Valgrind options:
--30255--    --leak-check=full
--30255--    -v
--30255--    --track-origins=yes
--30255--    --log-file=logfile.out
--30255--    --leak-check=full
--30255-- Contents of /proc/version:
--30255--   Linux version 5.15.79.1-microsoft-standard-WSL2 (oe-user@oe-host) (x86_64-msft-linux-gcc (GCC) 9.3.0, GNU ld (GNU Binutils) 2.34.0.20200220) #1 SMP Wed Nov 23 01:01:46 UTC 2022
--30255-- 
--30255-- Arch and hwcaps: AMD64, LittleEndian, amd64-cx16-lzcnt-rdtscp-sse3-ssse3-avx-avx2-bmi-f16c-rdrand
--30255-- Page sizes: currently 4096, max supported 4096
--30255-- Valgrind library directory: /usr/lib/x86_64-linux-gnu/valgrind
--30255-- Reading syms from /home/antonio/Documents/Grader/CAAM519/SECOND/cui1104/caam-419-519-submissions/homework-3/main
--30255-- Reading syms from /usr/lib/x86_64-linux-gnu/ld-2.31.so
--30255--   Considering /usr/lib/debug/.build-id/45/87364908de169dec62ffa538170118c1c3a078.debug ..
--30255--   .. build-id is valid
--30255-- Reading syms from /usr/lib/x86_64-linux-gnu/valgrind/memcheck-amd64-linux
--30255--    object doesn't have a symbol table
--30255--    object doesn't have a dynamic symbol table
--30255-- Scheduler: using generic scheduler lock implementation.
--30255-- Reading suppressions file: /usr/lib/x86_64-linux-gnu/valgrind/default.supp
==30255== embedded gdbserver: reading from /tmp/vgdb-pipe-from-vgdb-to-30255-by-antonio-on-???
==30255== embedded gdbserver: writing to   /tmp/vgdb-pipe-to-vgdb-from-30255-by-antonio-on-???
==30255== embedded gdbserver: shared mem   /tmp/vgdb-pipe-shared-mem-vgdb-30255-by-antonio-on-???
==30255== 
==30255== TO CONTROL THIS PROCESS USING vgdb (which you probably
==30255== don't want to do, unless you know exactly what you're doing,
==30255== or are doing some strange experiment):
==30255==   /usr/lib/x86_64-linux-gnu/valgrind/../../bin/vgdb --pid=30255 ...command...
==30255== 
==30255== TO DEBUG THIS PROCESS USING GDB: start GDB like this
==30255==   /path/to/gdb ./main
==30255== and then give GDB the following command
==30255==   target remote | /usr/lib/x86_64-linux-gnu/valgrind/../../bin/vgdb --pid=30255
==30255== --pid is optional if only one valgrind process is running
==30255== 
--30255-- REDIR: 0x4022e20 (ld-linux-x86-64.so.2:strlen) redirected to 0x580c9ce2 (???)
--30255-- REDIR: 0x4022bf0 (ld-linux-x86-64.so.2:index) redirected to 0x580c9cfc (???)
--30255-- Reading syms from /usr/lib/x86_64-linux-gnu/valgrind/vgpreload_core-amd64-linux.so
--30255--    object doesn't have a symbol table
--30255-- Reading syms from /usr/lib/x86_64-linux-gnu/valgrind/vgpreload_memcheck-amd64-linux.so
--30255--    object doesn't have a symbol table
==30255== WARNING: new redirection conflicts with existing -- ignoring it
--30255--     old: 0x04022e20 (strlen              ) R-> (0000.0) 0x580c9ce2 ???
--30255--     new: 0x04022e20 (strlen              ) R-> (2007.0) 0x0483f060 strlen
--30255-- REDIR: 0x401f600 (ld-linux-x86-64.so.2:strcmp) redirected to 0x483ffd0 (strcmp)
--30255-- REDIR: 0x4023380 (ld-linux-x86-64.so.2:mempcpy) redirected to 0x4843a20 (mempcpy)
--30255-- Reading syms from /usr/lib/x86_64-linux-gnu/libm-2.31.so
--30255--   Considering /usr/lib/debug/.build-id/fe/91b4090ea04c1559ff71dd9290062776618891.debug ..
--30255--   .. build-id is valid
--30255-- Reading syms from /usr/lib/x86_64-linux-gnu/libc-2.31.so
--30255--   Considering /usr/lib/debug/.build-id/18/78e6b475720c7c51969e69ab2d276fae6d1dee.debug ..
--30255--   .. build-id is valid
--30255-- REDIR: 0x4a5d480 (libc.so.6:memmove) redirected to 0x48311d0 (_vgnU_ifunc_wrapper)
--30255-- REDIR: 0x4a5c780 (libc.so.6:strncpy) redirected to 0x48311d0 (_vgnU_ifunc_wrapper)
--30255-- REDIR: 0x4a5d7b0 (libc.so.6:strcasecmp) redirected to 0x48311d0 (_vgnU_ifunc_wrapper)
--30255-- REDIR: 0x4a5c0a0 (libc.so.6:strcat) redirected to 0x48311d0 (_vgnU_ifunc_wrapper)
--30255-- REDIR: 0x4a5c7e0 (libc.so.6:rindex) redirected to 0x48311d0 (_vgnU_ifunc_wrapper)
--30255-- REDIR: 0x4a5ec50 (libc.so.6:rawmemchr) redirected to 0x48311d0 (_vgnU_ifunc_wrapper)
--30255-- REDIR: 0x4a79ce0 (libc.so.6:wmemchr) redirected to 0x48311d0 (_vgnU_ifunc_wrapper)
--30255-- REDIR: 0x4a79820 (libc.so.6:wcscmp) redirected to 0x48311d0 (_vgnU_ifunc_wrapper)
--30255-- REDIR: 0x4a5d5e0 (libc.so.6:mempcpy) redirected to 0x48311d0 (_vgnU_ifunc_wrapper)
--30255-- REDIR: 0x4a5d410 (libc.so.6:bcmp) redirected to 0x48311d0 (_vgnU_ifunc_wrapper)
--30255-- REDIR: 0x4a5c710 (libc.so.6:strncmp) redirected to 0x48311d0 (_vgnU_ifunc_wrapper)
--30255-- REDIR: 0x4a5c150 (libc.so.6:strcmp) redirected to 0x48311d0 (_vgnU_ifunc_wrapper)
--30255-- REDIR: 0x4a5d540 (libc.so.6:memset) redirected to 0x48311d0 (_vgnU_ifunc_wrapper)
--30255-- REDIR: 0x4a797e0 (libc.so.6:wcschr) redirected to 0x48311d0 (_vgnU_ifunc_wrapper)
--30255-- REDIR: 0x4a5c670 (libc.so.6:strnlen) redirected to 0x48311d0 (_vgnU_ifunc_wrapper)
--30255-- REDIR: 0x4a5c230 (libc.so.6:strcspn) redirected to 0x48311d0 (_vgnU_ifunc_wrapper)
--30255-- REDIR: 0x4a5d800 (libc.so.6:strncasecmp) redirected to 0x48311d0 (_vgnU_ifunc_wrapper)
--30255-- REDIR: 0x4a5c1d0 (libc.so.6:strcpy) redirected to 0x48311d0 (_vgnU_ifunc_wrapper)
--30255-- REDIR: 0x4a5d950 (libc.so.6:memcpy@@GLIBC_2.14) redirected to 0x48311d0 (_vgnU_ifunc_wrapper)
--30255-- REDIR: 0x4a7af50 (libc.so.6:wcsnlen) redirected to 0x48311d0 (_vgnU_ifunc_wrapper)
--30255-- REDIR: 0x4a79860 (libc.so.6:wcscpy) redirected to 0x48311d0 (_vgnU_ifunc_wrapper)
--30255-- REDIR: 0x4a5c820 (libc.so.6:strpbrk) redirected to 0x48311d0 (_vgnU_ifunc_wrapper)
--30255-- REDIR: 0x4a5c100 (libc.so.6:index) redirected to 0x48311d0 (_vgnU_ifunc_wrapper)
--30255-- REDIR: 0x4a5c630 (libc.so.6:strlen) redirected to 0x48311d0 (_vgnU_ifunc_wrapper)
--30255-- REDIR: 0x4a65bb0 (libc.so.6:memrchr) redirected to 0x48311d0 (_vgnU_ifunc_wrapper)
--30255-- REDIR: 0x4a5d850 (libc.so.6:strcasecmp_l) redirected to 0x48311d0 (_vgnU_ifunc_wrapper)
--30255-- REDIR: 0x4a5d3d0 (libc.so.6:memchr) redirected to 0x48311d0 (_vgnU_ifunc_wrapper)
--30255-- REDIR: 0x4a79930 (libc.so.6:wcslen) redirected to 0x48311d0 (_vgnU_ifunc_wrapper)
--30255-- REDIR: 0x4a5cae0 (libc.so.6:strspn) redirected to 0x48311d0 (_vgnU_ifunc_wrapper)
--30255-- REDIR: 0x4a5d750 (libc.so.6:stpncpy) redirected to 0x48311d0 (_vgnU_ifunc_wrapper)
--30255-- REDIR: 0x4a5d6f0 (libc.so.6:stpcpy) redirected to 0x48311d0 (_vgnU_ifunc_wrapper)
--30255-- REDIR: 0x4a5ec90 (libc.so.6:strchrnul) redirected to 0x48311d0 (_vgnU_ifunc_wrapper)
--30255-- REDIR: 0x4a5d8a0 (libc.so.6:strncasecmp_l) redirected to 0x48311d0 (_vgnU_ifunc_wrapper)
--30255-- REDIR: 0x4b45500 (libc.so.6:__strrchr_avx2) redirected to 0x483ea10 (rindex)
--30255-- REDIR: 0x4a570e0 (libc.so.6:malloc) redirected to 0x483b780 (malloc)
--30255-- REDIR: 0x4b456d0 (libc.so.6:__strlen_avx2) redirected to 0x483ef40 (strlen)
--30255-- REDIR: 0x4b486c0 (libc.so.6:__mempcpy_avx_unaligned_erms) redirected to 0x4843660 (mempcpy)
--30255-- REDIR: 0x4b45310 (libc.so.6:__strchrnul_avx2) redirected to 0x4843540 (strchrnul)
--30255-- REDIR: 0x4b486e0 (libc.so.6:__memcpy_avx_unaligned_erms) redirected to 0x48429f0 (memmove)
--30255-- REDIR: 0x4a576d0 (libc.so.6:free) redirected to 0x483c9d0 (free)
==30255== 
==30255== HEAP SUMMARY:
==30255==     in use at exit: 80 bytes in 4 blocks
==30255==   total heap usage: 13 allocs, 9 frees, 1,648 bytes allocated
==30255== 
==30255== Searching for pointers to 4 not-freed blocks
==30255== Checked 74,648 bytes
==30255== 
==30255== 16 bytes in 1 blocks are definitely lost in loss record 1 of 4
==30255==    at 0x483B7F3: malloc (in /usr/lib/x86_64-linux-gnu/valgrind/vgpreload_memcheck-amd64-linux.so)
==30255==    by 0x10A1B9: allocate_Matrix (in /home/antonio/Documents/Grader/CAAM519/SECOND/cui1104/caam-419-519-submissions/homework-3/main)
==30255==    by 0x109211: main (in /home/antonio/Documents/Grader/CAAM519/SECOND/cui1104/caam-419-519-submissions/homework-3/main)
==30255== 
==30255== 16 bytes in 1 blocks are definitely lost in loss record 2 of 4
==30255==    at 0x483B7F3: malloc (in /usr/lib/x86_64-linux-gnu/valgrind/vgpreload_memcheck-amd64-linux.so)
==30255==    by 0x10933D: allocate_DiagonalMatrix (in /home/antonio/Documents/Grader/CAAM519/SECOND/cui1104/caam-419-519-submissions/homework-3/main)
==30255==    by 0x10948B: DiagonalMatrix_copy (in /home/antonio/Documents/Grader/CAAM519/SECOND/cui1104/caam-419-519-submissions/homework-3/main)
==30255==    by 0x10928D: main (in /home/antonio/Documents/Grader/CAAM519/SECOND/cui1104/caam-419-519-submissions/homework-3/main)
==30255== 
==30255== 16 bytes in 1 blocks are definitely lost in loss record 3 of 4
==30255==    at 0x483B7F3: malloc (in /usr/lib/x86_64-linux-gnu/valgrind/vgpreload_memcheck-amd64-linux.so)
==30255==    by 0x109E53: allocate_UpperTriangularMatrix (in /home/antonio/Documents/Grader/CAAM519/SECOND/cui1104/caam-419-519-submissions/homework-3/main)
==30255==    by 0x109F99: UpperTriangularMatrix_copy (in /home/antonio/Documents/Grader/CAAM519/SECOND/cui1104/caam-419-519-submissions/homework-3/main)
==30255==    by 0x1092B5: main (in /home/antonio/Documents/Grader/CAAM519/SECOND/cui1104/caam-419-519-submissions/homework-3/main)
==30255== 
==30255== 32 bytes in 1 blocks are definitely lost in loss record 4 of 4
==30255==    at 0x483B7F3: malloc (in /usr/lib/x86_64-linux-gnu/valgrind/vgpreload_memcheck-amd64-linux.so)
==30255==    by 0x109623: allocate_TridiagonalMatrix (in /home/antonio/Documents/Grader/CAAM519/SECOND/cui1104/caam-419-519-submissions/homework-3/main)
==30255==    by 0x10982D: TridiagonalMatrix_copy (in /home/antonio/Documents/Grader/CAAM519/SECOND/cui1104/caam-419-519-submissions/homework-3/main)
==30255==    by 0x1092DD: main (in /home/antonio/Documents/Grader/CAAM519/SECOND/cui1104/caam-419-519-submissions/homework-3/main)
==30255== 
==30255== LEAK SUMMARY:
==30255==    definitely lost: 80 bytes in 4 blocks
==30255==    indirectly lost: 0 bytes in 0 blocks
==30255==      possibly lost: 0 bytes in 0 blocks
==30255==    still reachable: 0 bytes in 0 blocks
==30255==         suppressed: 0 bytes in 0 blocks
==30255== 
==30255== ERROR SUMMARY: 4 errors from 4 contexts (suppressed: 0 from 0)
