==22309== Memcheck, a memory error detector
==22309== Copyright (C) 2002-2017, and GNU GPL'd, by Julian Seward et al.
==22309== Using Valgrind-3.15.0 and LibVEX; rerun with -h for copyright info
==22309== Command: ./main
==22309== Parent PID: 21812
==22309== 
==22309== Mismatched free() / delete / delete []
==22309==    at 0x483CA3F: free (in /usr/lib/x86_64-linux-gnu/valgrind/vgpreload_memcheck-amd64-linux.so)
==22309==    by 0x10AF71: Vector::~Vector() (in /home/antonio/Documents/Grader/CAAM519/SECOND/cui1104/caam-419-519-submissions/homework-4/main)
==22309==    by 0x10B2B7: operator*(double, Vector) (in /home/antonio/Documents/Grader/CAAM519/SECOND/cui1104/caam-419-519-submissions/homework-4/main)
==22309==    by 0x1097FA: main (in /home/antonio/Documents/Grader/CAAM519/SECOND/cui1104/caam-419-519-submissions/homework-4/main)
==22309==  Address 0x4dc3660 is 0 bytes inside a block of size 48 alloc'd
==22309==    at 0x483C583: operator new[](unsigned long) (in /usr/lib/x86_64-linux-gnu/valgrind/vgpreload_memcheck-amd64-linux.so)
==22309==    by 0x10AEF6: Vector::Vector(Vector const&) (in /home/antonio/Documents/Grader/CAAM519/SECOND/cui1104/caam-419-519-submissions/homework-4/main)
==22309==    by 0x10B28F: operator*(double, Vector) (in /home/antonio/Documents/Grader/CAAM519/SECOND/cui1104/caam-419-519-submissions/homework-4/main)
==22309==    by 0x1097FA: main (in /home/antonio/Documents/Grader/CAAM519/SECOND/cui1104/caam-419-519-submissions/homework-4/main)
==22309== 
==22309== Mismatched free() / delete / delete []
==22309==    at 0x483CA3F: free (in /usr/lib/x86_64-linux-gnu/valgrind/vgpreload_memcheck-amd64-linux.so)
==22309==    by 0x109E9A: Matrix::~Matrix() (in /home/antonio/Documents/Grader/CAAM519/SECOND/cui1104/caam-419-519-submissions/homework-4/main)
==22309==    by 0x10AAC1: operator*(Matrix const&, Matrix const&) (in /home/antonio/Documents/Grader/CAAM519/SECOND/cui1104/caam-419-519-submissions/homework-4/main)
==22309==    by 0x109817: main (in /home/antonio/Documents/Grader/CAAM519/SECOND/cui1104/caam-419-519-submissions/homework-4/main)
==22309==  Address 0x4dc37b0 is 0 bytes inside a block of size 240 alloc'd
==22309==    at 0x483C583: operator new[](unsigned long) (in /usr/lib/x86_64-linux-gnu/valgrind/vgpreload_memcheck-amd64-linux.so)
==22309==    by 0x109D4B: Matrix::Matrix(int, int) (in /home/antonio/Documents/Grader/CAAM519/SECOND/cui1104/caam-419-519-submissions/homework-4/main)
==22309==    by 0x10A953: operator*(Matrix const&, Matrix const&) (in /home/antonio/Documents/Grader/CAAM519/SECOND/cui1104/caam-419-519-submissions/homework-4/main)
==22309==    by 0x109817: main (in /home/antonio/Documents/Grader/CAAM519/SECOND/cui1104/caam-419-519-submissions/homework-4/main)
==22309== 
==22309== Mismatched free() / delete / delete []
==22309==    at 0x483CA3F: free (in /usr/lib/x86_64-linux-gnu/valgrind/vgpreload_memcheck-amd64-linux.so)
==22309==    by 0x109EAA: Matrix::~Matrix() (in /home/antonio/Documents/Grader/CAAM519/SECOND/cui1104/caam-419-519-submissions/homework-4/main)
==22309==    by 0x10AAC1: operator*(Matrix const&, Matrix const&) (in /home/antonio/Documents/Grader/CAAM519/SECOND/cui1104/caam-419-519-submissions/homework-4/main)
==22309==    by 0x109817: main (in /home/antonio/Documents/Grader/CAAM519/SECOND/cui1104/caam-419-519-submissions/homework-4/main)
==22309==  Address 0x4dc3740 is 0 bytes inside a block of size 48 alloc'd
==22309==    at 0x483C583: operator new[](unsigned long) (in /usr/lib/x86_64-linux-gnu/valgrind/vgpreload_memcheck-amd64-linux.so)
==22309==    by 0x109D04: Matrix::Matrix(int, int) (in /home/antonio/Documents/Grader/CAAM519/SECOND/cui1104/caam-419-519-submissions/homework-4/main)
==22309==    by 0x10A953: operator*(Matrix const&, Matrix const&) (in /home/antonio/Documents/Grader/CAAM519/SECOND/cui1104/caam-419-519-submissions/homework-4/main)
==22309==    by 0x109817: main (in /home/antonio/Documents/Grader/CAAM519/SECOND/cui1104/caam-419-519-submissions/homework-4/main)
==22309== 
==22309== Mismatched free() / delete / delete []
==22309==    at 0x483CA3F: free (in /usr/lib/x86_64-linux-gnu/valgrind/vgpreload_memcheck-amd64-linux.so)
==22309==    by 0x109E9A: Matrix::~Matrix() (in /home/antonio/Documents/Grader/CAAM519/SECOND/cui1104/caam-419-519-submissions/homework-4/main)
==22309==    by 0x10A690: operator+(Matrix const&, Matrix const&) (in /home/antonio/Documents/Grader/CAAM519/SECOND/cui1104/caam-419-519-submissions/homework-4/main)
==22309==    by 0x109831: main (in /home/antonio/Documents/Grader/CAAM519/SECOND/cui1104/caam-419-519-submissions/homework-4/main)
==22309==  Address 0x4dc3af0 is 0 bytes inside a block of size 240 alloc'd
==22309==    at 0x483C583: operator new[](unsigned long) (in /usr/lib/x86_64-linux-gnu/valgrind/vgpreload_memcheck-amd64-linux.so)
==22309==    by 0x109D4B: Matrix::Matrix(int, int) (in /home/antonio/Documents/Grader/CAAM519/SECOND/cui1104/caam-419-519-submissions/homework-4/main)
==22309==    by 0x10A5A2: operator+(Matrix const&, Matrix const&) (in /home/antonio/Documents/Grader/CAAM519/SECOND/cui1104/caam-419-519-submissions/homework-4/main)
==22309==    by 0x109831: main (in /home/antonio/Documents/Grader/CAAM519/SECOND/cui1104/caam-419-519-submissions/homework-4/main)
==22309== 
==22309== Mismatched free() / delete / delete []
==22309==    at 0x483CA3F: free (in /usr/lib/x86_64-linux-gnu/valgrind/vgpreload_memcheck-amd64-linux.so)
==22309==    by 0x109EAA: Matrix::~Matrix() (in /home/antonio/Documents/Grader/CAAM519/SECOND/cui1104/caam-419-519-submissions/homework-4/main)
==22309==    by 0x10A690: operator+(Matrix const&, Matrix const&) (in /home/antonio/Documents/Grader/CAAM519/SECOND/cui1104/caam-419-519-submissions/homework-4/main)
==22309==    by 0x109831: main (in /home/antonio/Documents/Grader/CAAM519/SECOND/cui1104/caam-419-519-submissions/homework-4/main)
==22309==  Address 0x4dc3a80 is 0 bytes inside a block of size 48 alloc'd
==22309==    at 0x483C583: operator new[](unsigned long) (in /usr/lib/x86_64-linux-gnu/valgrind/vgpreload_memcheck-amd64-linux.so)
==22309==    by 0x109D04: Matrix::Matrix(int, int) (in /home/antonio/Documents/Grader/CAAM519/SECOND/cui1104/caam-419-519-submissions/homework-4/main)
==22309==    by 0x10A5A2: operator+(Matrix const&, Matrix const&) (in /home/antonio/Documents/Grader/CAAM519/SECOND/cui1104/caam-419-519-submissions/homework-4/main)
==22309==    by 0x109831: main (in /home/antonio/Documents/Grader/CAAM519/SECOND/cui1104/caam-419-519-submissions/homework-4/main)
==22309== 
==22309== Mismatched free() / delete / delete []
==22309==    at 0x483CA3F: free (in /usr/lib/x86_64-linux-gnu/valgrind/vgpreload_memcheck-amd64-linux.so)
==22309==    by 0x10AF71: Vector::~Vector() (in /home/antonio/Documents/Grader/CAAM519/SECOND/cui1104/caam-419-519-submissions/homework-4/main)
==22309==    by 0x109871: main (in /home/antonio/Documents/Grader/CAAM519/SECOND/cui1104/caam-419-519-submissions/homework-4/main)
==22309==  Address 0x4dc3e30 is 0 bytes inside a block of size 48 alloc'd
==22309==    at 0x483C583: operator new[](unsigned long) (in /usr/lib/x86_64-linux-gnu/valgrind/vgpreload_memcheck-amd64-linux.so)
==22309==    by 0x10AEF6: Vector::Vector(Vector const&) (in /home/antonio/Documents/Grader/CAAM519/SECOND/cui1104/caam-419-519-submissions/homework-4/main)
==22309==    by 0x10A45E: operator*(Matrix const&, Vector const&) (in /home/antonio/Documents/Grader/CAAM519/SECOND/cui1104/caam-419-519-submissions/homework-4/main)
==22309==    by 0x10984B: main (in /home/antonio/Documents/Grader/CAAM519/SECOND/cui1104/caam-419-519-submissions/homework-4/main)
==22309== 
==22309== Mismatched free() / delete / delete []
==22309==    at 0x483CA3F: free (in /usr/lib/x86_64-linux-gnu/valgrind/vgpreload_memcheck-amd64-linux.so)
==22309==    by 0x109E9A: Matrix::~Matrix() (in /home/antonio/Documents/Grader/CAAM519/SECOND/cui1104/caam-419-519-submissions/homework-4/main)
==22309==    by 0x10987D: main (in /home/antonio/Documents/Grader/CAAM519/SECOND/cui1104/caam-419-519-submissions/homework-4/main)
==22309==  Address 0x4dc3c90 is 0 bytes inside a block of size 240 alloc'd
==22309==    at 0x483C583: operator new[](unsigned long) (in /usr/lib/x86_64-linux-gnu/valgrind/vgpreload_memcheck-amd64-linux.so)
==22309==    by 0x109D4B: Matrix::Matrix(int, int) (in /home/antonio/Documents/Grader/CAAM519/SECOND/cui1104/caam-419-519-submissions/homework-4/main)
==22309==    by 0x109DF2: Matrix::Matrix(Matrix const&) (in /home/antonio/Documents/Grader/CAAM519/SECOND/cui1104/caam-419-519-submissions/homework-4/main)
==22309==    by 0x10A683: operator+(Matrix const&, Matrix const&) (in /home/antonio/Documents/Grader/CAAM519/SECOND/cui1104/caam-419-519-submissions/homework-4/main)
==22309==    by 0x109831: main (in /home/antonio/Documents/Grader/CAAM519/SECOND/cui1104/caam-419-519-submissions/homework-4/main)
==22309== 
==22309== Mismatched free() / delete / delete []
==22309==    at 0x483CA3F: free (in /usr/lib/x86_64-linux-gnu/valgrind/vgpreload_memcheck-amd64-linux.so)
==22309==    by 0x109EAA: Matrix::~Matrix() (in /home/antonio/Documents/Grader/CAAM519/SECOND/cui1104/caam-419-519-submissions/homework-4/main)
==22309==    by 0x10987D: main (in /home/antonio/Documents/Grader/CAAM519/SECOND/cui1104/caam-419-519-submissions/homework-4/main)
==22309==  Address 0x4dc3c20 is 0 bytes inside a block of size 48 alloc'd
==22309==    at 0x483C583: operator new[](unsigned long) (in /usr/lib/x86_64-linux-gnu/valgrind/vgpreload_memcheck-amd64-linux.so)
==22309==    by 0x109D04: Matrix::Matrix(int, int) (in /home/antonio/Documents/Grader/CAAM519/SECOND/cui1104/caam-419-519-submissions/homework-4/main)
==22309==    by 0x109DF2: Matrix::Matrix(Matrix const&) (in /home/antonio/Documents/Grader/CAAM519/SECOND/cui1104/caam-419-519-submissions/homework-4/main)
==22309==    by 0x10A683: operator+(Matrix const&, Matrix const&) (in /home/antonio/Documents/Grader/CAAM519/SECOND/cui1104/caam-419-519-submissions/homework-4/main)
==22309==    by 0x109831: main (in /home/antonio/Documents/Grader/CAAM519/SECOND/cui1104/caam-419-519-submissions/homework-4/main)
==22309== 
==22309== Mismatched free() / delete / delete []
==22309==    at 0x483CA3F: free (in /usr/lib/x86_64-linux-gnu/valgrind/vgpreload_memcheck-amd64-linux.so)
==22309==    by 0x109E9A: Matrix::~Matrix() (in /home/antonio/Documents/Grader/CAAM519/SECOND/cui1104/caam-419-519-submissions/homework-4/main)
==22309==    by 0x109889: main (in /home/antonio/Documents/Grader/CAAM519/SECOND/cui1104/caam-419-519-submissions/homework-4/main)
==22309==  Address 0x4dc3950 is 0 bytes inside a block of size 240 alloc'd
==22309==    at 0x483C583: operator new[](unsigned long) (in /usr/lib/x86_64-linux-gnu/valgrind/vgpreload_memcheck-amd64-linux.so)
==22309==    by 0x109D4B: Matrix::Matrix(int, int) (in /home/antonio/Documents/Grader/CAAM519/SECOND/cui1104/caam-419-519-submissions/homework-4/main)
==22309==    by 0x109DF2: Matrix::Matrix(Matrix const&) (in /home/antonio/Documents/Grader/CAAM519/SECOND/cui1104/caam-419-519-submissions/homework-4/main)
==22309==    by 0x10AAB4: operator*(Matrix const&, Matrix const&) (in /home/antonio/Documents/Grader/CAAM519/SECOND/cui1104/caam-419-519-submissions/homework-4/main)
==22309==    by 0x109817: main (in /home/antonio/Documents/Grader/CAAM519/SECOND/cui1104/caam-419-519-submissions/homework-4/main)
==22309== 
==22309== Mismatched free() / delete / delete []
==22309==    at 0x483CA3F: free (in /usr/lib/x86_64-linux-gnu/valgrind/vgpreload_memcheck-amd64-linux.so)
==22309==    by 0x109EAA: Matrix::~Matrix() (in /home/antonio/Documents/Grader/CAAM519/SECOND/cui1104/caam-419-519-submissions/homework-4/main)
==22309==    by 0x109889: main (in /home/antonio/Documents/Grader/CAAM519/SECOND/cui1104/caam-419-519-submissions/homework-4/main)
==22309==  Address 0x4dc38e0 is 0 bytes inside a block of size 48 alloc'd
==22309==    at 0x483C583: operator new[](unsigned long) (in /usr/lib/x86_64-linux-gnu/valgrind/vgpreload_memcheck-amd64-linux.so)
==22309==    by 0x109D04: Matrix::Matrix(int, int) (in /home/antonio/Documents/Grader/CAAM519/SECOND/cui1104/caam-419-519-submissions/homework-4/main)
==22309==    by 0x109DF2: Matrix::Matrix(Matrix const&) (in /home/antonio/Documents/Grader/CAAM519/SECOND/cui1104/caam-419-519-submissions/homework-4/main)
==22309==    by 0x10AAB4: operator*(Matrix const&, Matrix const&) (in /home/antonio/Documents/Grader/CAAM519/SECOND/cui1104/caam-419-519-submissions/homework-4/main)
==22309==    by 0x109817: main (in /home/antonio/Documents/Grader/CAAM519/SECOND/cui1104/caam-419-519-submissions/homework-4/main)
==22309== 
==22309== Mismatched free() / delete / delete []
==22309==    at 0x483CA3F: free (in /usr/lib/x86_64-linux-gnu/valgrind/vgpreload_memcheck-amd64-linux.so)
==22309==    by 0x10AF71: Vector::~Vector() (in /home/antonio/Documents/Grader/CAAM519/SECOND/cui1104/caam-419-519-submissions/homework-4/main)
==22309==    by 0x1098A1: main (in /home/antonio/Documents/Grader/CAAM519/SECOND/cui1104/caam-419-519-submissions/homework-4/main)
==22309==  Address 0x4dc35f0 is 0 bytes inside a block of size 48 alloc'd
==22309==    at 0x483C583: operator new[](unsigned long) (in /usr/lib/x86_64-linux-gnu/valgrind/vgpreload_memcheck-amd64-linux.so)
==22309==    by 0x10AEF6: Vector::Vector(Vector const&) (in /home/antonio/Documents/Grader/CAAM519/SECOND/cui1104/caam-419-519-submissions/homework-4/main)
==22309==    by 0x1097DB: main (in /home/antonio/Documents/Grader/CAAM519/SECOND/cui1104/caam-419-519-submissions/homework-4/main)
==22309== 
==22309== Mismatched free() / delete / delete []
==22309==    at 0x483CA3F: free (in /usr/lib/x86_64-linux-gnu/valgrind/vgpreload_memcheck-amd64-linux.so)
==22309==    by 0x10AF71: Vector::~Vector() (in /home/antonio/Documents/Grader/CAAM519/SECOND/cui1104/caam-419-519-submissions/homework-4/main)
==22309==    by 0x10B346: operator-(Vector, double) (in /home/antonio/Documents/Grader/CAAM519/SECOND/cui1104/caam-419-519-submissions/homework-4/main)
==22309==    by 0x1098E5: main (in /home/antonio/Documents/Grader/CAAM519/SECOND/cui1104/caam-419-519-submissions/homework-4/main)
==22309==  Address 0x4dc3ff0 is 0 bytes inside a block of size 48 alloc'd
==22309==    at 0x483C583: operator new[](unsigned long) (in /usr/lib/x86_64-linux-gnu/valgrind/vgpreload_memcheck-amd64-linux.so)
==22309==    by 0x10AEF6: Vector::Vector(Vector const&) (in /home/antonio/Documents/Grader/CAAM519/SECOND/cui1104/caam-419-519-submissions/homework-4/main)
==22309==    by 0x10B322: operator-(Vector, double) (in /home/antonio/Documents/Grader/CAAM519/SECOND/cui1104/caam-419-519-submissions/homework-4/main)
==22309==    by 0x1098E5: main (in /home/antonio/Documents/Grader/CAAM519/SECOND/cui1104/caam-419-519-submissions/homework-4/main)
==22309== 
==22309== Mismatched free() / delete / delete []
==22309==    at 0x483CA3F: free (in /usr/lib/x86_64-linux-gnu/valgrind/vgpreload_memcheck-amd64-linux.so)
==22309==    by 0x10AF71: Vector::~Vector() (in /home/antonio/Documents/Grader/CAAM519/SECOND/cui1104/caam-419-519-submissions/homework-4/main)
==22309==    by 0x10B4B6: operator/(Vector, double) (in /home/antonio/Documents/Grader/CAAM519/SECOND/cui1104/caam-419-519-submissions/homework-4/main)
==22309==    by 0x109904: main (in /home/antonio/Documents/Grader/CAAM519/SECOND/cui1104/caam-419-519-submissions/homework-4/main)
==22309==  Address 0x4dc40d0 is 0 bytes inside a block of size 48 alloc'd
==22309==    at 0x483C583: operator new[](unsigned long) (in /usr/lib/x86_64-linux-gnu/valgrind/vgpreload_memcheck-amd64-linux.so)
==22309==    by 0x10AEF6: Vector::Vector(Vector const&) (in /home/antonio/Documents/Grader/CAAM519/SECOND/cui1104/caam-419-519-submissions/homework-4/main)
==22309==    by 0x10B492: operator/(Vector, double) (in /home/antonio/Documents/Grader/CAAM519/SECOND/cui1104/caam-419-519-submissions/homework-4/main)
==22309==    by 0x109904: main (in /home/antonio/Documents/Grader/CAAM519/SECOND/cui1104/caam-419-519-submissions/homework-4/main)
==22309== 
==22309== Mismatched free() / delete / delete []
==22309==    at 0x483CA3F: free (in /usr/lib/x86_64-linux-gnu/valgrind/vgpreload_memcheck-amd64-linux.so)
==22309==    by 0x10AF71: Vector::~Vector() (in /home/antonio/Documents/Grader/CAAM519/SECOND/cui1104/caam-419-519-submissions/homework-4/main)
==22309==    by 0x10B2B7: operator*(double, Vector) (in /home/antonio/Documents/Grader/CAAM519/SECOND/cui1104/caam-419-519-submissions/homework-4/main)
==22309==    by 0x10993F: main (in /home/antonio/Documents/Grader/CAAM519/SECOND/cui1104/caam-419-519-submissions/homework-4/main)
==22309==  Address 0x4dc4220 is 0 bytes inside a block of size 48 alloc'd
==22309==    at 0x483C583: operator new[](unsigned long) (in /usr/lib/x86_64-linux-gnu/valgrind/vgpreload_memcheck-amd64-linux.so)
==22309==    by 0x10AEF6: Vector::Vector(Vector const&) (in /home/antonio/Documents/Grader/CAAM519/SECOND/cui1104/caam-419-519-submissions/homework-4/main)
==22309==    by 0x10B28F: operator*(double, Vector) (in /home/antonio/Documents/Grader/CAAM519/SECOND/cui1104/caam-419-519-submissions/homework-4/main)
==22309==    by 0x10993F: main (in /home/antonio/Documents/Grader/CAAM519/SECOND/cui1104/caam-419-519-submissions/homework-4/main)
==22309== 
==22309== Mismatched free() / delete / delete []
==22309==    at 0x483CA3F: free (in /usr/lib/x86_64-linux-gnu/valgrind/vgpreload_memcheck-amd64-linux.so)
==22309==    by 0x10AF71: Vector::~Vector() (in /home/antonio/Documents/Grader/CAAM519/SECOND/cui1104/caam-419-519-submissions/homework-4/main)
==22309==    by 0x10B2B7: operator*(double, Vector) (in /home/antonio/Documents/Grader/CAAM519/SECOND/cui1104/caam-419-519-submissions/homework-4/main)
==22309==    by 0x10B6BE: operator-(Vector const&, Vector const&) (in /home/antonio/Documents/Grader/CAAM519/SECOND/cui1104/caam-419-519-submissions/homework-4/main)
==22309==    by 0x109956: main (in /home/antonio/Documents/Grader/CAAM519/SECOND/cui1104/caam-419-519-submissions/homework-4/main)
==22309==  Address 0x4dc4370 is 0 bytes inside a block of size 48 alloc'd
==22309==    at 0x483C583: operator new[](unsigned long) (in /usr/lib/x86_64-linux-gnu/valgrind/vgpreload_memcheck-amd64-linux.so)
==22309==    by 0x10AEF6: Vector::Vector(Vector const&) (in /home/antonio/Documents/Grader/CAAM519/SECOND/cui1104/caam-419-519-submissions/homework-4/main)
==22309==    by 0x10B28F: operator*(double, Vector) (in /home/antonio/Documents/Grader/CAAM519/SECOND/cui1104/caam-419-519-submissions/homework-4/main)
==22309==    by 0x10B6BE: operator-(Vector const&, Vector const&) (in /home/antonio/Documents/Grader/CAAM519/SECOND/cui1104/caam-419-519-submissions/homework-4/main)
==22309==    by 0x109956: main (in /home/antonio/Documents/Grader/CAAM519/SECOND/cui1104/caam-419-519-submissions/homework-4/main)
==22309== 
==22309== Mismatched free() / delete / delete []
==22309==    at 0x483CA3F: free (in /usr/lib/x86_64-linux-gnu/valgrind/vgpreload_memcheck-amd64-linux.so)
==22309==    by 0x10AF71: Vector::~Vector() (in /home/antonio/Documents/Grader/CAAM519/SECOND/cui1104/caam-419-519-submissions/homework-4/main)
==22309==    by 0x10B6EE: operator-(Vector const&, Vector const&) (in /home/antonio/Documents/Grader/CAAM519/SECOND/cui1104/caam-419-519-submissions/homework-4/main)
==22309==    by 0x109956: main (in /home/antonio/Documents/Grader/CAAM519/SECOND/cui1104/caam-419-519-submissions/homework-4/main)
==22309==  Address 0x4dc4300 is 0 bytes inside a block of size 48 alloc'd
==22309==    at 0x483C583: operator new[](unsigned long) (in /usr/lib/x86_64-linux-gnu/valgrind/vgpreload_memcheck-amd64-linux.so)
==22309==    by 0x10AEF6: Vector::Vector(Vector const&) (in /home/antonio/Documents/Grader/CAAM519/SECOND/cui1104/caam-419-519-submissions/homework-4/main)
==22309==    by 0x10B69F: operator-(Vector const&, Vector const&) (in /home/antonio/Documents/Grader/CAAM519/SECOND/cui1104/caam-419-519-submissions/homework-4/main)
==22309==    by 0x109956: main (in /home/antonio/Documents/Grader/CAAM519/SECOND/cui1104/caam-419-519-submissions/homework-4/main)
==22309== 
==22309== Mismatched free() / delete / delete []
==22309==    at 0x483CA3F: free (in /usr/lib/x86_64-linux-gnu/valgrind/vgpreload_memcheck-amd64-linux.so)
==22309==    by 0x10AF71: Vector::~Vector() (in /home/antonio/Documents/Grader/CAAM519/SECOND/cui1104/caam-419-519-submissions/homework-4/main)
==22309==    by 0x1099A3: main (in /home/antonio/Documents/Grader/CAAM519/SECOND/cui1104/caam-419-519-submissions/homework-4/main)
==22309==  Address 0x4dc44c0 is 0 bytes inside a block of size 48 alloc'd
==22309==    at 0x483C583: operator new[](unsigned long) (in /usr/lib/x86_64-linux-gnu/valgrind/vgpreload_memcheck-amd64-linux.so)
==22309==    by 0x10AEF6: Vector::Vector(Vector const&) (in /home/antonio/Documents/Grader/CAAM519/SECOND/cui1104/caam-419-519-submissions/homework-4/main)
==22309==    by 0x10B5C6: operator+(Vector const&, Vector const&) (in /home/antonio/Documents/Grader/CAAM519/SECOND/cui1104/caam-419-519-submissions/homework-4/main)
==22309==    by 0x10B6D5: operator-(Vector const&, Vector const&) (in /home/antonio/Documents/Grader/CAAM519/SECOND/cui1104/caam-419-519-submissions/homework-4/main)
==22309==    by 0x109956: main (in /home/antonio/Documents/Grader/CAAM519/SECOND/cui1104/caam-419-519-submissions/homework-4/main)
==22309== 
==22309== Mismatched free() / delete / delete []
==22309==    at 0x483CA3F: free (in /usr/lib/x86_64-linux-gnu/valgrind/vgpreload_memcheck-amd64-linux.so)
==22309==    by 0x10AF71: Vector::~Vector() (in /home/antonio/Documents/Grader/CAAM519/SECOND/cui1104/caam-419-519-submissions/homework-4/main)
==22309==    by 0x1099BE: main (in /home/antonio/Documents/Grader/CAAM519/SECOND/cui1104/caam-419-519-submissions/homework-4/main)
==22309==  Address 0x4dc41b0 is 0 bytes inside a block of size 48 alloc'd
==22309==    at 0x483C583: operator new[](unsigned long) (in /usr/lib/x86_64-linux-gnu/valgrind/vgpreload_memcheck-amd64-linux.so)
==22309==    by 0x10AEF6: Vector::Vector(Vector const&) (in /home/antonio/Documents/Grader/CAAM519/SECOND/cui1104/caam-419-519-submissions/homework-4/main)
==22309==    by 0x10991D: main (in /home/antonio/Documents/Grader/CAAM519/SECOND/cui1104/caam-419-519-submissions/homework-4/main)
==22309== 
==22309== Mismatched free() / delete / delete []
==22309==    at 0x483CA3F: free (in /usr/lib/x86_64-linux-gnu/valgrind/vgpreload_memcheck-amd64-linux.so)
==22309==    by 0x10AF71: Vector::~Vector() (in /home/antonio/Documents/Grader/CAAM519/SECOND/cui1104/caam-419-519-submissions/homework-4/main)
==22309==    by 0x1099E2: main (in /home/antonio/Documents/Grader/CAAM519/SECOND/cui1104/caam-419-519-submissions/homework-4/main)
==22309==  Address 0x4dc3f80 is 0 bytes inside a block of size 48 alloc'd
==22309==    at 0x483C583: operator new[](unsigned long) (in /usr/lib/x86_64-linux-gnu/valgrind/vgpreload_memcheck-amd64-linux.so)
==22309==    by 0x10AEF6: Vector::Vector(Vector const&) (in /home/antonio/Documents/Grader/CAAM519/SECOND/cui1104/caam-419-519-submissions/homework-4/main)
==22309==    by 0x1098C6: main (in /home/antonio/Documents/Grader/CAAM519/SECOND/cui1104/caam-419-519-submissions/homework-4/main)
==22309== 
==22309== Mismatched free() / delete / delete []
==22309==    at 0x483CA3F: free (in /usr/lib/x86_64-linux-gnu/valgrind/vgpreload_memcheck-amd64-linux.so)
==22309==    by 0x109E9A: Matrix::~Matrix() (in /home/antonio/Documents/Grader/CAAM519/SECOND/cui1104/caam-419-519-submissions/homework-4/main)
==22309==    by 0x109A2D: main (in /home/antonio/Documents/Grader/CAAM519/SECOND/cui1104/caam-419-519-submissions/homework-4/main)
==22309==  Address 0x4dc2fa0 is 0 bytes inside a block of size 240 alloc'd
==22309==    at 0x483C583: operator new[](unsigned long) (in /usr/lib/x86_64-linux-gnu/valgrind/vgpreload_memcheck-amd64-linux.so)
==22309==    by 0x109D4B: Matrix::Matrix(int, int) (in /home/antonio/Documents/Grader/CAAM519/SECOND/cui1104/caam-419-519-submissions/homework-4/main)
==22309==    by 0x109372: main (in /home/antonio/Documents/Grader/CAAM519/SECOND/cui1104/caam-419-519-submissions/homework-4/main)
==22309== 
==22309== Mismatched free() / delete / delete []
==22309==    at 0x483CA3F: free (in /usr/lib/x86_64-linux-gnu/valgrind/vgpreload_memcheck-amd64-linux.so)
==22309==    by 0x109EAA: Matrix::~Matrix() (in /home/antonio/Documents/Grader/CAAM519/SECOND/cui1104/caam-419-519-submissions/homework-4/main)
==22309==    by 0x109A2D: main (in /home/antonio/Documents/Grader/CAAM519/SECOND/cui1104/caam-419-519-submissions/homework-4/main)
==22309==  Address 0x4dc2f30 is 0 bytes inside a block of size 48 alloc'd
==22309==    at 0x483C583: operator new[](unsigned long) (in /usr/lib/x86_64-linux-gnu/valgrind/vgpreload_memcheck-amd64-linux.so)
==22309==    by 0x109D04: Matrix::Matrix(int, int) (in /home/antonio/Documents/Grader/CAAM519/SECOND/cui1104/caam-419-519-submissions/homework-4/main)
==22309==    by 0x109372: main (in /home/antonio/Documents/Grader/CAAM519/SECOND/cui1104/caam-419-519-submissions/homework-4/main)
==22309== 
==22309== Mismatched free() / delete / delete []
==22309==    at 0x483CA3F: free (in /usr/lib/x86_64-linux-gnu/valgrind/vgpreload_memcheck-amd64-linux.so)
==22309==    by 0x109E9A: Matrix::~Matrix() (in /home/antonio/Documents/Grader/CAAM519/SECOND/cui1104/caam-419-519-submissions/homework-4/main)
==22309==    by 0x109A3C: main (in /home/antonio/Documents/Grader/CAAM519/SECOND/cui1104/caam-419-519-submissions/homework-4/main)
==22309==  Address 0x4dc2e50 is 0 bytes inside a block of size 160 alloc'd
==22309==    at 0x483C583: operator new[](unsigned long) (in /usr/lib/x86_64-linux-gnu/valgrind/vgpreload_memcheck-amd64-linux.so)
==22309==    by 0x109D4B: Matrix::Matrix(int, int) (in /home/antonio/Documents/Grader/CAAM519/SECOND/cui1104/caam-419-519-submissions/homework-4/main)
==22309==    by 0x109359: main (in /home/antonio/Documents/Grader/CAAM519/SECOND/cui1104/caam-419-519-submissions/homework-4/main)
==22309== 
==22309== Mismatched free() / delete / delete []
==22309==    at 0x483CA3F: free (in /usr/lib/x86_64-linux-gnu/valgrind/vgpreload_memcheck-amd64-linux.so)
==22309==    by 0x109EAA: Matrix::~Matrix() (in /home/antonio/Documents/Grader/CAAM519/SECOND/cui1104/caam-419-519-submissions/homework-4/main)
==22309==    by 0x109A3C: main (in /home/antonio/Documents/Grader/CAAM519/SECOND/cui1104/caam-419-519-submissions/homework-4/main)
==22309==  Address 0x4dc2df0 is 0 bytes inside a block of size 32 alloc'd
==22309==    at 0x483C583: operator new[](unsigned long) (in /usr/lib/x86_64-linux-gnu/valgrind/vgpreload_memcheck-amd64-linux.so)
==22309==    by 0x109D04: Matrix::Matrix(int, int) (in /home/antonio/Documents/Grader/CAAM519/SECOND/cui1104/caam-419-519-submissions/homework-4/main)
==22309==    by 0x109359: main (in /home/antonio/Documents/Grader/CAAM519/SECOND/cui1104/caam-419-519-submissions/homework-4/main)
==22309== 
==22309== Mismatched free() / delete / delete []
==22309==    at 0x483CA3F: free (in /usr/lib/x86_64-linux-gnu/valgrind/vgpreload_memcheck-amd64-linux.so)
==22309==    by 0x109E9A: Matrix::~Matrix() (in /home/antonio/Documents/Grader/CAAM519/SECOND/cui1104/caam-419-519-submissions/homework-4/main)
==22309==    by 0x109A4B: main (in /home/antonio/Documents/Grader/CAAM519/SECOND/cui1104/caam-419-519-submissions/homework-4/main)
==22309==  Address 0x4dc2cf0 is 0 bytes inside a block of size 192 alloc'd
==22309==    at 0x483C583: operator new[](unsigned long) (in /usr/lib/x86_64-linux-gnu/valgrind/vgpreload_memcheck-amd64-linux.so)
==22309==    by 0x109D4B: Matrix::Matrix(int, int) (in /home/antonio/Documents/Grader/CAAM519/SECOND/cui1104/caam-419-519-submissions/homework-4/main)
==22309==    by 0x109340: main (in /home/antonio/Documents/Grader/CAAM519/SECOND/cui1104/caam-419-519-submissions/homework-4/main)
==22309== 
==22309== Mismatched free() / delete / delete []
==22309==    at 0x483CA3F: free (in /usr/lib/x86_64-linux-gnu/valgrind/vgpreload_memcheck-amd64-linux.so)
==22309==    by 0x109EAA: Matrix::~Matrix() (in /home/antonio/Documents/Grader/CAAM519/SECOND/cui1104/caam-419-519-submissions/homework-4/main)
==22309==    by 0x109A4B: main (in /home/antonio/Documents/Grader/CAAM519/SECOND/cui1104/caam-419-519-submissions/homework-4/main)
==22309==  Address 0x4dc2c80 is 0 bytes inside a block of size 48 alloc'd
==22309==    at 0x483C583: operator new[](unsigned long) (in /usr/lib/x86_64-linux-gnu/valgrind/vgpreload_memcheck-amd64-linux.so)
==22309==    by 0x109D04: Matrix::Matrix(int, int) (in /home/antonio/Documents/Grader/CAAM519/SECOND/cui1104/caam-419-519-submissions/homework-4/main)
==22309==    by 0x109340: main (in /home/antonio/Documents/Grader/CAAM519/SECOND/cui1104/caam-419-519-submissions/homework-4/main)
==22309== 
==22309== 
==22309== HEAP SUMMARY:
==22309==     in use at exit: 48 bytes in 1 blocks
==22309==   total heap usage: 40 allocs, 39 frees, 76,744 bytes allocated
==22309== 
==22309== 48 bytes in 1 blocks are definitely lost in loss record 1 of 1
==22309==    at 0x483C583: operator new[](unsigned long) (in /usr/lib/x86_64-linux-gnu/valgrind/vgpreload_memcheck-amd64-linux.so)
==22309==    by 0x10AEF6: Vector::Vector(Vector const&) (in /home/antonio/Documents/Grader/CAAM519/SECOND/cui1104/caam-419-519-submissions/homework-4/main)
==22309==    by 0x10B5C6: operator+(Vector const&, Vector const&) (in /home/antonio/Documents/Grader/CAAM519/SECOND/cui1104/caam-419-519-submissions/homework-4/main)
==22309==    by 0x109865: main (in /home/antonio/Documents/Grader/CAAM519/SECOND/cui1104/caam-419-519-submissions/homework-4/main)
==22309== 
==22309== LEAK SUMMARY:
==22309==    definitely lost: 48 bytes in 1 blocks
==22309==    indirectly lost: 0 bytes in 0 blocks
==22309==      possibly lost: 0 bytes in 0 blocks
==22309==    still reachable: 0 bytes in 0 blocks
==22309==         suppressed: 0 bytes in 0 blocks
==22309== 
==22309== For lists of detected and suppressed errors, rerun with: -s
==22309== ERROR SUMMARY: 26 errors from 26 contexts (suppressed: 0 from 0)
